<?xml version="1.0" encoding="UTF-8"?>
<testsuite name="com.moodanalyser.MoodAnalyserTest" tests="2" skipped="0" failures="0" errors="0" timestamp="2021-05-12T13:53:37" hostname="LAPTOP-LN4L4KQQ" time="0.047">
  <properties/>
  <testcase name="testMoodAnalysis()" classname="com.moodanalyser.MoodAnalyserTest" time="0.043"/>
  <testcase name="givenMessage_WhenNotSad_ShouldReturnHappy()" classname="com.moodanalyser.MoodAnalyserTest" time="0.003"/>
  <system-out><![CDATA[]]></system-out>
  <system-err><![CDATA[]]></system-err>
</testsuite>
